Printing analysis 'PointerGuardian Pass' for function 'main':
"Function Name" : "main
representation :   %retval = alloca i32, align 4
#Edge incoming
BOTTOM

#Edge outcoming
BOTTOM


representation :   %a = alloca i32, align 4
#Edge incoming
BOTTOM

#Edge outcoming
BOTTOM


representation :   %b = alloca i32, align 4
#Edge incoming
BOTTOM

#Edge outcoming
BOTTOM


representation :   %c = alloca i32, align 4
#Edge incoming
BOTTOM

#Edge outcoming
BOTTOM


representation :   %d = alloca i32, align 4
#Edge incoming
BOTTOM

#Edge outcoming
BOTTOM


representation :   %massive_p1 = alloca i32*, align 8
#Edge incoming
BOTTOM

#Edge outcoming
BOTTOM


representation :   %x = alloca i32, align 4
#Edge incoming
BOTTOM

#Edge outcoming
BOTTOM


representation :   %y = alloca i32, align 4
#Edge incoming
BOTTOM

#Edge outcoming
BOTTOM


representation :   %z = alloca i32, align 4
#Edge incoming
BOTTOM

#Edge outcoming
BOTTOM


representation :   %crazy_p2 = alloca i32*, align 8
#Edge incoming
BOTTOM

#Edge outcoming
BOTTOM


representation :   store i32 0, i32* %retval
#Edge incoming
BOTTOM

#Edge outcoming
BOTTOM


representation :   store i32* %a, i32** %massive_p1, align 8
#Edge incoming
BOTTOM

#Edge outcoming
massive_p1->a



representation :   store i32* %b, i32** %massive_p1, align 8
#Edge incoming
massive_p1->a


#Edge outcoming
massive_p1->a
massive_p1->b



representation :   store i32* %c, i32** %massive_p1, align 8
#Edge incoming
massive_p1->a
massive_p1->b


#Edge outcoming
massive_p1->a
massive_p1->b
massive_p1->c



representation :   store i32* %d, i32** %massive_p1, align 8
#Edge incoming
massive_p1->a
massive_p1->b
massive_p1->c


#Edge outcoming
massive_p1->a
massive_p1->b
massive_p1->c
massive_p1->d



representation :   store i32* %x, i32** %crazy_p2, align 8
#Edge incoming
massive_p1->a
massive_p1->b
massive_p1->c
massive_p1->d


#Edge outcoming
crazy_p2->x
massive_p1->a
massive_p1->b
massive_p1->c
massive_p1->d



representation :   store i32* %y, i32** %crazy_p2, align 8
#Edge incoming
crazy_p2->x
massive_p1->a
massive_p1->b
massive_p1->c
massive_p1->d


#Edge outcoming
crazy_p2->x
crazy_p2->y
massive_p1->a
massive_p1->b
massive_p1->c
massive_p1->d



representation :   store i32* %z, i32** %crazy_p2, align 8
#Edge incoming
crazy_p2->x
crazy_p2->y
massive_p1->a
massive_p1->b
massive_p1->c
massive_p1->d


#Edge outcoming
crazy_p2->x
crazy_p2->y
crazy_p2->z
massive_p1->a
massive_p1->b
massive_p1->c
massive_p1->d



representation :   store i32* %z, i32** %massive_p1, align 8
#Edge incoming
crazy_p2->x
crazy_p2->y
crazy_p2->z
massive_p1->a
massive_p1->b
massive_p1->c
massive_p1->d


#Edge outcoming
crazy_p2->x
crazy_p2->y
crazy_p2->z
massive_p1->a
massive_p1->b
massive_p1->c
massive_p1->d
massive_p1->z



representation :   store i32* %a, i32** %crazy_p2, align 8
#Edge incoming
crazy_p2->x
crazy_p2->y
crazy_p2->z
massive_p1->a
massive_p1->b
massive_p1->c
massive_p1->d
massive_p1->z


#Edge outcoming
crazy_p2->a
crazy_p2->x
crazy_p2->y
crazy_p2->z
massive_p1->a
massive_p1->b
massive_p1->c
massive_p1->d
massive_p1->z



representation :   ret i32 0
#Edge incoming
crazy_p2->a
crazy_p2->x
crazy_p2->y
crazy_p2->z
massive_p1->a
massive_p1->b
massive_p1->c
massive_p1->d
massive_p1->z


#Edge outcoming
crazy_p2->a
crazy_p2->x
crazy_p2->y
crazy_p2->z
massive_p1->a
massive_p1->b
massive_p1->c
massive_p1->d
massive_p1->z



representation : 
entry:
  %retval = alloca i32, align 4
  %a = alloca i32, align 4
  %b = alloca i32, align 4
  %c = alloca i32, align 4
  %d = alloca i32, align 4
  %massive_p1 = alloca i32*, align 8
  %x = alloca i32, align 4
  %y = alloca i32, align 4
  %z = alloca i32, align 4
  %crazy_p2 = alloca i32*, align 8
  store i32 0, i32* %retval
  store i32* %a, i32** %massive_p1, align 8
  store i32* %b, i32** %massive_p1, align 8
  store i32* %c, i32** %massive_p1, align 8
  store i32* %d, i32** %massive_p1, align 8
  store i32* %x, i32** %crazy_p2, align 8
  store i32* %y, i32** %crazy_p2, align 8
  store i32* %z, i32** %crazy_p2, align 8
  store i32* %z, i32** %massive_p1, align 8
  store i32* %a, i32** %crazy_p2, align 8
  ret i32 0

#Edge incoming
crazy_p2->a
crazy_p2->x
crazy_p2->y
crazy_p2->z
massive_p1->a
massive_p1->b
massive_p1->c
massive_p1->d
massive_p1->z

crazy_p2->a
crazy_p2->x
crazy_p2->y
crazy_p2->z
massive_p1->a
massive_p1->b
massive_p1->c
massive_p1->d
massive_p1->z


#Edge outcoming
crazy_p2->a
crazy_p2->x
crazy_p2->y
crazy_p2->z
massive_p1->a
massive_p1->b
massive_p1->c
massive_p1->d
massive_p1->z



